<?xml version="1.0" encoding="UTF-8"?>
<testsuite xmlns:xsi="http://www.w3.org/2001/XMLSchema-instance" xsi:noNamespaceSchemaLocation="https://maven.apache.org/surefire/maven-surefire-plugin/xsd/surefire-test-report-3.0.xsd" version="3.0" name="com.assessment.services.RentalAgreementServiceTests" time="0.228" tests="26" errors="0" skipped="0" failures="0">
  <properties>
[...]
</properties>
  <testcase name="testCalculateDiscountedCharge1" classname="com.assessment.services.RentalAgreementServiceTests" time="0.005">
    <system-out><![CDATA[2024-09-30T19:37:52.588-06:00  INFO 25052 --- [rental-agreements] [           main] c.g.d.core.DozerBeanMapperBuilder        : Initializing Dozer. Version: 7.0.0, Thread Name: main
2024-09-30T19:37:52.590-06:00  INFO 25052 --- [rental-agreements] [           main] d.c.c.r.LegacyPropertiesSettingsResolver : Trying to find Dozer configuration file: dozer.properties
2024-09-30T19:37:52.591-06:00  INFO 25052 --- [rental-agreements] [           main] d.c.c.r.LegacyPropertiesSettingsResolver : Failed to find dozer.properties via com.github.dozermapper.core.config.resolvers.LegacyPropertiesSettingsResolver.
]]></system-out>
  </testcase>
  <testcase name="testCalculateDiscountedCharge2" classname="com.assessment.services.RentalAgreementServiceTests" time="0.007">
    <system-out><![CDATA[2024-09-30T19:37:52.603-06:00  INFO 25052 --- [rental-agreements] [           main] c.g.d.core.DozerBeanMapperBuilder        : Initializing Dozer. Version: 7.0.0, Thread Name: main
2024-09-30T19:37:52.603-06:00  INFO 25052 --- [rental-agreements] [           main] d.c.c.r.LegacyPropertiesSettingsResolver : Trying to find Dozer configuration file: dozer.properties
2024-09-30T19:37:52.604-06:00  INFO 25052 --- [rental-agreements] [           main] d.c.c.r.LegacyPropertiesSettingsResolver : Failed to find dozer.properties via com.github.dozermapper.core.config.resolvers.LegacyPropertiesSettingsResolver.
]]></system-out>
  </testcase>
  <testcase name="testChargedDaysLadder" classname="com.assessment.services.RentalAgreementServiceTests" time="0.003">
    <system-out><![CDATA[2024-09-30T19:37:52.614-06:00  INFO 25052 --- [rental-agreements] [           main] c.g.d.core.DozerBeanMapperBuilder        : Initializing Dozer. Version: 7.0.0, Thread Name: main
2024-09-30T19:37:52.615-06:00  INFO 25052 --- [rental-agreements] [           main] d.c.c.r.LegacyPropertiesSettingsResolver : Trying to find Dozer configuration file: dozer.properties
2024-09-30T19:37:52.616-06:00  INFO 25052 --- [rental-agreements] [           main] d.c.c.r.LegacyPropertiesSettingsResolver : Failed to find dozer.properties via com.github.dozermapper.core.config.resolvers.LegacyPropertiesSettingsResolver.
]]></system-out>
  </testcase>
  <testcase name="testIsWeekendFalse" classname="com.assessment.services.RentalAgreementServiceTests" time="0.002">
    <system-out><![CDATA[2024-09-30T19:37:52.621-06:00  INFO 25052 --- [rental-agreements] [           main] c.g.d.core.DozerBeanMapperBuilder        : Initializing Dozer. Version: 7.0.0, Thread Name: main
2024-09-30T19:37:52.621-06:00  INFO 25052 --- [rental-agreements] [           main] d.c.c.r.LegacyPropertiesSettingsResolver : Trying to find Dozer configuration file: dozer.properties
2024-09-30T19:37:52.622-06:00  INFO 25052 --- [rental-agreements] [           main] d.c.c.r.LegacyPropertiesSettingsResolver : Failed to find dozer.properties via com.github.dozermapper.core.config.resolvers.LegacyPropertiesSettingsResolver.
]]></system-out>
  </testcase>
  <testcase name="testValidationToolNotFound" classname="com.assessment.services.RentalAgreementServiceTests" time="0.002">
    <system-out><![CDATA[2024-09-30T19:37:52.627-06:00  INFO 25052 --- [rental-agreements] [           main] c.g.d.core.DozerBeanMapperBuilder        : Initializing Dozer. Version: 7.0.0, Thread Name: main
2024-09-30T19:37:52.627-06:00  INFO 25052 --- [rental-agreements] [           main] d.c.c.r.LegacyPropertiesSettingsResolver : Trying to find Dozer configuration file: dozer.properties
2024-09-30T19:37:52.627-06:00  INFO 25052 --- [rental-agreements] [           main] d.c.c.r.LegacyPropertiesSettingsResolver : Failed to find dozer.properties via com.github.dozermapper.core.config.resolvers.LegacyPropertiesSettingsResolver.
]]></system-out>
  </testcase>
  <testcase name="testGetIndDayObservedLate" classname="com.assessment.services.RentalAgreementServiceTests" time="0.003">
    <system-out><![CDATA[2024-09-30T19:37:52.631-06:00  INFO 25052 --- [rental-agreements] [           main] c.g.d.core.DozerBeanMapperBuilder        : Initializing Dozer. Version: 7.0.0, Thread Name: main
2024-09-30T19:37:52.632-06:00  INFO 25052 --- [rental-agreements] [           main] d.c.c.r.LegacyPropertiesSettingsResolver : Trying to find Dozer configuration file: dozer.properties
2024-09-30T19:37:52.633-06:00  INFO 25052 --- [rental-agreements] [           main] d.c.c.r.LegacyPropertiesSettingsResolver : Failed to find dozer.properties via com.github.dozermapper.core.config.resolvers.LegacyPropertiesSettingsResolver.
]]></system-out>
  </testcase>
  <testcase name="testGetIndDayObservedEarly" classname="com.assessment.services.RentalAgreementServiceTests" time="0.001">
    <system-out><![CDATA[2024-09-30T19:37:52.642-06:00  INFO 25052 --- [rental-agreements] [           main] c.g.d.core.DozerBeanMapperBuilder        : Initializing Dozer. Version: 7.0.0, Thread Name: main
2024-09-30T19:37:52.643-06:00  INFO 25052 --- [rental-agreements] [           main] d.c.c.r.LegacyPropertiesSettingsResolver : Trying to find Dozer configuration file: dozer.properties
2024-09-30T19:37:52.644-06:00  INFO 25052 --- [rental-agreements] [           main] d.c.c.r.LegacyPropertiesSettingsResolver : Failed to find dozer.properties via com.github.dozermapper.core.config.resolvers.LegacyPropertiesSettingsResolver.
]]></system-out>
  </testcase>
  <testcase name="testChargedDaysJackhammer" classname="com.assessment.services.RentalAgreementServiceTests" time="0.031">
    <system-out><![CDATA[2024-09-30T19:37:52.652-06:00  INFO 25052 --- [rental-agreements] [           main] c.g.d.core.DozerBeanMapperBuilder        : Initializing Dozer. Version: 7.0.0, Thread Name: main
2024-09-30T19:37:52.653-06:00  INFO 25052 --- [rental-agreements] [           main] d.c.c.r.LegacyPropertiesSettingsResolver : Trying to find Dozer configuration file: dozer.properties
2024-09-30T19:37:52.653-06:00  INFO 25052 --- [rental-agreements] [           main] d.c.c.r.LegacyPropertiesSettingsResolver : Failed to find dozer.properties via com.github.dozermapper.core.config.resolvers.LegacyPropertiesSettingsResolver.
]]></system-out>
  </testcase>
  <testcase name="testValidationMissingCheckoutDate" classname="com.assessment.services.RentalAgreementServiceTests" time="0.003">
    <system-out><![CDATA[2024-09-30T19:37:52.686-06:00  INFO 25052 --- [rental-agreements] [           main] c.g.d.core.DozerBeanMapperBuilder        : Initializing Dozer. Version: 7.0.0, Thread Name: main
2024-09-30T19:37:52.687-06:00  INFO 25052 --- [rental-agreements] [           main] d.c.c.r.LegacyPropertiesSettingsResolver : Trying to find Dozer configuration file: dozer.properties
2024-09-30T19:37:52.687-06:00  INFO 25052 --- [rental-agreements] [           main] d.c.c.r.LegacyPropertiesSettingsResolver : Failed to find dozer.properties via com.github.dozermapper.core.config.resolvers.LegacyPropertiesSettingsResolver.
]]></system-out>
  </testcase>
  <testcase name="testCalculateFinalCharge" classname="com.assessment.services.RentalAgreementServiceTests" time="0.006">
    <system-out><![CDATA[2024-09-30T19:37:52.694-06:00  INFO 25052 --- [rental-agreements] [           main] c.g.d.core.DozerBeanMapperBuilder        : Initializing Dozer. Version: 7.0.0, Thread Name: main
2024-09-30T19:37:52.695-06:00  INFO 25052 --- [rental-agreements] [           main] d.c.c.r.LegacyPropertiesSettingsResolver : Trying to find Dozer configuration file: dozer.properties
2024-09-30T19:37:52.695-06:00  INFO 25052 --- [rental-agreements] [           main] d.c.c.r.LegacyPropertiesSettingsResolver : Failed to find dozer.properties via com.github.dozermapper.core.config.resolvers.LegacyPropertiesSettingsResolver.
]]></system-out>
  </testcase>
  <testcase name="testGetIndDayObservedOnTime" classname="com.assessment.services.RentalAgreementServiceTests" time="0.001">
    <system-out><![CDATA[2024-09-30T19:37:52.703-06:00  INFO 25052 --- [rental-agreements] [           main] c.g.d.core.DozerBeanMapperBuilder        : Initializing Dozer. Version: 7.0.0, Thread Name: main
2024-09-30T19:37:52.704-06:00  INFO 25052 --- [rental-agreements] [           main] d.c.c.r.LegacyPropertiesSettingsResolver : Trying to find Dozer configuration file: dozer.properties
2024-09-30T19:37:52.704-06:00  INFO 25052 --- [rental-agreements] [           main] d.c.c.r.LegacyPropertiesSettingsResolver : Failed to find dozer.properties via com.github.dozermapper.core.config.resolvers.LegacyPropertiesSettingsResolver.
]]></system-out>
  </testcase>
  <testcase name="testIsSundayFalse" classname="com.assessment.services.RentalAgreementServiceTests" time="0.003">
    <system-out><![CDATA[2024-09-30T19:37:52.710-06:00  INFO 25052 --- [rental-agreements] [           main] c.g.d.core.DozerBeanMapperBuilder        : Initializing Dozer. Version: 7.0.0, Thread Name: main
2024-09-30T19:37:52.711-06:00  INFO 25052 --- [rental-agreements] [           main] d.c.c.r.LegacyPropertiesSettingsResolver : Trying to find Dozer configuration file: dozer.properties
2024-09-30T19:37:52.711-06:00  INFO 25052 --- [rental-agreements] [           main] d.c.c.r.LegacyPropertiesSettingsResolver : Failed to find dozer.properties via com.github.dozermapper.core.config.resolvers.LegacyPropertiesSettingsResolver.
]]></system-out>
  </testcase>
  <testcase name="testValidationMissingToolCode" classname="com.assessment.services.RentalAgreementServiceTests" time="0.002">
    <system-out><![CDATA[2024-09-30T19:37:52.718-06:00  INFO 25052 --- [rental-agreements] [           main] c.g.d.core.DozerBeanMapperBuilder        : Initializing Dozer. Version: 7.0.0, Thread Name: main
2024-09-30T19:37:52.719-06:00  INFO 25052 --- [rental-agreements] [           main] d.c.c.r.LegacyPropertiesSettingsResolver : Trying to find Dozer configuration file: dozer.properties
2024-09-30T19:37:52.719-06:00  INFO 25052 --- [rental-agreements] [           main] d.c.c.r.LegacyPropertiesSettingsResolver : Failed to find dozer.properties via com.github.dozermapper.core.config.resolvers.LegacyPropertiesSettingsResolver.
]]></system-out>
  </testcase>
  <testcase name="testValidationBadRentalDays" classname="com.assessment.services.RentalAgreementServiceTests" time="0.001">
    <system-out><![CDATA[2024-09-30T19:37:52.725-06:00  INFO 25052 --- [rental-agreements] [           main] c.g.d.core.DozerBeanMapperBuilder        : Initializing Dozer. Version: 7.0.0, Thread Name: main
2024-09-30T19:37:52.725-06:00  INFO 25052 --- [rental-agreements] [           main] d.c.c.r.LegacyPropertiesSettingsResolver : Trying to find Dozer configuration file: dozer.properties
2024-09-30T19:37:52.726-06:00  INFO 25052 --- [rental-agreements] [           main] d.c.c.r.LegacyPropertiesSettingsResolver : Failed to find dozer.properties via com.github.dozermapper.core.config.resolvers.LegacyPropertiesSettingsResolver.
]]></system-out>
  </testcase>
  <testcase name="testIsSaturdayFalse" classname="com.assessment.services.RentalAgreementServiceTests" time="0.001">
    <system-out><![CDATA[2024-09-30T19:37:52.730-06:00  INFO 25052 --- [rental-agreements] [           main] c.g.d.core.DozerBeanMapperBuilder        : Initializing Dozer. Version: 7.0.0, Thread Name: main
2024-09-30T19:37:52.730-06:00  INFO 25052 --- [rental-agreements] [           main] d.c.c.r.LegacyPropertiesSettingsResolver : Trying to find Dozer configuration file: dozer.properties
2024-09-30T19:37:52.731-06:00  INFO 25052 --- [rental-agreements] [           main] d.c.c.r.LegacyPropertiesSettingsResolver : Failed to find dozer.properties via com.github.dozermapper.core.config.resolvers.LegacyPropertiesSettingsResolver.
]]></system-out>
  </testcase>
  <testcase name="testDateIncludedFalse" classname="com.assessment.services.RentalAgreementServiceTests" time="0.003">
    <system-out><![CDATA[2024-09-30T19:37:52.736-06:00  INFO 25052 --- [rental-agreements] [           main] c.g.d.core.DozerBeanMapperBuilder        : Initializing Dozer. Version: 7.0.0, Thread Name: main
2024-09-30T19:37:52.737-06:00  INFO 25052 --- [rental-agreements] [           main] d.c.c.r.LegacyPropertiesSettingsResolver : Trying to find Dozer configuration file: dozer.properties
2024-09-30T19:37:52.738-06:00  INFO 25052 --- [rental-agreements] [           main] d.c.c.r.LegacyPropertiesSettingsResolver : Failed to find dozer.properties via com.github.dozermapper.core.config.resolvers.LegacyPropertiesSettingsResolver.
]]></system-out>
  </testcase>
  <testcase name="testGetLaborDay1" classname="com.assessment.services.RentalAgreementServiceTests" time="0.002">
    <system-out><![CDATA[2024-09-30T19:37:52.745-06:00  INFO 25052 --- [rental-agreements] [           main] c.g.d.core.DozerBeanMapperBuilder        : Initializing Dozer. Version: 7.0.0, Thread Name: main
2024-09-30T19:37:52.745-06:00  INFO 25052 --- [rental-agreements] [           main] d.c.c.r.LegacyPropertiesSettingsResolver : Trying to find Dozer configuration file: dozer.properties
2024-09-30T19:37:52.746-06:00  INFO 25052 --- [rental-agreements] [           main] d.c.c.r.LegacyPropertiesSettingsResolver : Failed to find dozer.properties via com.github.dozermapper.core.config.resolvers.LegacyPropertiesSettingsResolver.
]]></system-out>
  </testcase>
  <testcase name="testGetLaborDay2" classname="com.assessment.services.RentalAgreementServiceTests" time="0.002">
    <system-out><![CDATA[2024-09-30T19:37:52.750-06:00  INFO 25052 --- [rental-agreements] [           main] c.g.d.core.DozerBeanMapperBuilder        : Initializing Dozer. Version: 7.0.0, Thread Name: main
2024-09-30T19:37:52.750-06:00  INFO 25052 --- [rental-agreements] [           main] d.c.c.r.LegacyPropertiesSettingsResolver : Trying to find Dozer configuration file: dozer.properties
2024-09-30T19:37:52.752-06:00  INFO 25052 --- [rental-agreements] [           main] d.c.c.r.LegacyPropertiesSettingsResolver : Failed to find dozer.properties via com.github.dozermapper.core.config.resolvers.LegacyPropertiesSettingsResolver.
]]></system-out>
  </testcase>
  <testcase name="testDateIncludedTrueBeginEdge" classname="com.assessment.services.RentalAgreementServiceTests" time="0.001">
    <system-out><![CDATA[2024-09-30T19:37:52.756-06:00  INFO 25052 --- [rental-agreements] [           main] c.g.d.core.DozerBeanMapperBuilder        : Initializing Dozer. Version: 7.0.0, Thread Name: main
2024-09-30T19:37:52.756-06:00  INFO 25052 --- [rental-agreements] [           main] d.c.c.r.LegacyPropertiesSettingsResolver : Trying to find Dozer configuration file: dozer.properties
2024-09-30T19:37:52.757-06:00  INFO 25052 --- [rental-agreements] [           main] d.c.c.r.LegacyPropertiesSettingsResolver : Failed to find dozer.properties via com.github.dozermapper.core.config.resolvers.LegacyPropertiesSettingsResolver.
]]></system-out>
  </testcase>
  <testcase name="testIsSundayTrue" classname="com.assessment.services.RentalAgreementServiceTests" time="0.001">
    <system-out><![CDATA[2024-09-30T19:37:52.760-06:00  INFO 25052 --- [rental-agreements] [           main] c.g.d.core.DozerBeanMapperBuilder        : Initializing Dozer. Version: 7.0.0, Thread Name: main
2024-09-30T19:37:52.760-06:00  INFO 25052 --- [rental-agreements] [           main] d.c.c.r.LegacyPropertiesSettingsResolver : Trying to find Dozer configuration file: dozer.properties
2024-09-30T19:37:52.761-06:00  INFO 25052 --- [rental-agreements] [           main] d.c.c.r.LegacyPropertiesSettingsResolver : Failed to find dozer.properties via com.github.dozermapper.core.config.resolvers.LegacyPropertiesSettingsResolver.
]]></system-out>
  </testcase>
  <testcase name="testIsWeekendTrue" classname="com.assessment.services.RentalAgreementServiceTests" time="0.003">
    <system-out><![CDATA[2024-09-30T19:37:52.764-06:00  INFO 25052 --- [rental-agreements] [           main] c.g.d.core.DozerBeanMapperBuilder        : Initializing Dozer. Version: 7.0.0, Thread Name: main
2024-09-30T19:37:52.766-06:00  INFO 25052 --- [rental-agreements] [           main] d.c.c.r.LegacyPropertiesSettingsResolver : Trying to find Dozer configuration file: dozer.properties
2024-09-30T19:37:52.766-06:00  INFO 25052 --- [rental-agreements] [           main] d.c.c.r.LegacyPropertiesSettingsResolver : Failed to find dozer.properties via com.github.dozermapper.core.config.resolvers.LegacyPropertiesSettingsResolver.
]]></system-out>
  </testcase>
  <testcase name="testValidationBadDiscountPercent" classname="com.assessment.services.RentalAgreementServiceTests" time="0.002">
    <system-out><![CDATA[2024-09-30T19:37:52.775-06:00  INFO 25052 --- [rental-agreements] [           main] c.g.d.core.DozerBeanMapperBuilder        : Initializing Dozer. Version: 7.0.0, Thread Name: main
2024-09-30T19:37:52.775-06:00  INFO 25052 --- [rental-agreements] [           main] d.c.c.r.LegacyPropertiesSettingsResolver : Trying to find Dozer configuration file: dozer.properties
2024-09-30T19:37:52.776-06:00  INFO 25052 --- [rental-agreements] [           main] d.c.c.r.LegacyPropertiesSettingsResolver : Failed to find dozer.properties via com.github.dozermapper.core.config.resolvers.LegacyPropertiesSettingsResolver.
]]></system-out>
  </testcase>
  <testcase name="testDateIncludedTrueEndEdge" classname="com.assessment.services.RentalAgreementServiceTests" time="0.002">
    <system-out><![CDATA[2024-09-30T19:37:52.787-06:00  INFO 25052 --- [rental-agreements] [           main] c.g.d.core.DozerBeanMapperBuilder        : Initializing Dozer. Version: 7.0.0, Thread Name: main
2024-09-30T19:37:52.789-06:00  INFO 25052 --- [rental-agreements] [           main] d.c.c.r.LegacyPropertiesSettingsResolver : Trying to find Dozer configuration file: dozer.properties
2024-09-30T19:37:52.789-06:00  INFO 25052 --- [rental-agreements] [           main] d.c.c.r.LegacyPropertiesSettingsResolver : Failed to find dozer.properties via com.github.dozermapper.core.config.resolvers.LegacyPropertiesSettingsResolver.
]]></system-out>
  </testcase>
  <testcase name="testChargedDaysChainsaw" classname="com.assessment.services.RentalAgreementServiceTests" time="0.004">
    <system-out><![CDATA[2024-09-30T19:37:52.795-06:00  INFO 25052 --- [rental-agreements] [           main] c.g.d.core.DozerBeanMapperBuilder        : Initializing Dozer. Version: 7.0.0, Thread Name: main
2024-09-30T19:37:52.795-06:00  INFO 25052 --- [rental-agreements] [           main] d.c.c.r.LegacyPropertiesSettingsResolver : Trying to find Dozer configuration file: dozer.properties
2024-09-30T19:37:52.796-06:00  INFO 25052 --- [rental-agreements] [           main] d.c.c.r.LegacyPropertiesSettingsResolver : Failed to find dozer.properties via com.github.dozermapper.core.config.resolvers.LegacyPropertiesSettingsResolver.
]]></system-out>
  </testcase>
  <testcase name="testDateIncludedTrue" classname="com.assessment.services.RentalAgreementServiceTests" time="0.001">
    <system-out><![CDATA[2024-09-30T19:37:52.804-06:00  INFO 25052 --- [rental-agreements] [           main] c.g.d.core.DozerBeanMapperBuilder        : Initializing Dozer. Version: 7.0.0, Thread Name: main
2024-09-30T19:37:52.804-06:00  INFO 25052 --- [rental-agreements] [           main] d.c.c.r.LegacyPropertiesSettingsResolver : Trying to find Dozer configuration file: dozer.properties
2024-09-30T19:37:52.804-06:00  INFO 25052 --- [rental-agreements] [           main] d.c.c.r.LegacyPropertiesSettingsResolver : Failed to find dozer.properties via com.github.dozermapper.core.config.resolvers.LegacyPropertiesSettingsResolver.
]]></system-out>
  </testcase>
  <testcase name="testIsSaturdayTrue" classname="com.assessment.services.RentalAgreementServiceTests" time="0.001">
    <system-out><![CDATA[2024-09-30T19:37:52.808-06:00  INFO 25052 --- [rental-agreements] [           main] c.g.d.core.DozerBeanMapperBuilder        : Initializing Dozer. Version: 7.0.0, Thread Name: main
2024-09-30T19:37:52.808-06:00  INFO 25052 --- [rental-agreements] [           main] d.c.c.r.LegacyPropertiesSettingsResolver : Trying to find Dozer configuration file: dozer.properties
2024-09-30T19:37:52.810-06:00  INFO 25052 --- [rental-agreements] [           main] d.c.c.r.LegacyPropertiesSettingsResolver : Failed to find dozer.properties via com.github.dozermapper.core.config.resolvers.LegacyPropertiesSettingsResolver.
]]></system-out>
  </testcase>
</testsuite>