<?xml version="1.0" encoding="UTF-8"?>
<testsuite xmlns:xsi="http://www.w3.org/2001/XMLSchema-instance" xsi:noNamespaceSchemaLocation="https://maven.apache.org/surefire/maven-surefire-plugin/xsd/surefire-test-report-3.0.xsd" version="3.0" name="com.assessment.FunctionalTests" time="6.192" tests="8" errors="0" skipped="0" failures="0">
  <properties>
[...]
</properties>
  <testcase name="getRentalAgreementForJackhammer" classname="com.assessment.FunctionalTests" time="1.485">
    <system-out><![CDATA[19:37:46.618 [main] INFO org.springframework.test.context.support.AnnotationConfigContextLoaderUtils -- Could not detect default configuration classes for test class [com.assessment.FunctionalTests]: FunctionalTests does not declare any static, non-private, non-final, nested classes annotated with @Configuration.
19:37:46.781 [main] INFO org.springframework.boot.test.context.SpringBootTestContextBootstrapper -- Found @SpringBootConfiguration com.assessment.RentalAgreementsApplication for test class com.assessment.FunctionalTests

  .   ____          _            __ _ _
 /\\ / ___'_ __ _ _(_)_ __  __ _ \ \ \ \
( ( )\___ | '_ | '_| | '_ \/ _` | \ \ \ \
 \\/  ___)| |_)| | | | | || (_| |  ) ) ) )
  '  |____| .__|_| |_|_| |_\__, | / / / /
 =========|_|==============|___/=/_/_/_/

 :: Spring Boot ::                (v3.3.3)

2024-09-30T19:37:47.875-06:00  INFO 25052 --- [rental-agreements] [           main] com.assessment.FunctionalTests           : Starting FunctionalTests using Java 22.0.2 with PID 25052 (started by Jeff in C:\Users\Jeff\IdeaProjects\jk0924)
2024-09-30T19:37:47.877-06:00 DEBUG 25052 --- [rental-agreements] [           main] com.assessment.FunctionalTests           : Running with Spring Boot v3.3.3, Spring v6.1.12
2024-09-30T19:37:47.877-06:00  INFO 25052 --- [rental-agreements] [           main] com.assessment.FunctionalTests           : No active profile set, falling back to 1 default profile: "default"
2024-09-30T19:37:49.639-06:00  INFO 25052 --- [rental-agreements] [           main] o.s.b.w.embedded.tomcat.TomcatWebServer  : Tomcat initialized with port 8080 (http)
2024-09-30T19:37:49.657-06:00  INFO 25052 --- [rental-agreements] [           main] o.apache.catalina.core.StandardService   : Starting service [Tomcat]
2024-09-30T19:37:49.657-06:00  INFO 25052 --- [rental-agreements] [           main] o.apache.catalina.core.StandardEngine    : Starting Servlet engine: [Apache Tomcat/10.1.30]
2024-09-30T19:37:49.737-06:00  INFO 25052 --- [rental-agreements] [           main] o.a.c.c.C.[Tomcat].[localhost].[/]       : Initializing Spring embedded WebApplicationContext
2024-09-30T19:37:49.739-06:00  INFO 25052 --- [rental-agreements] [           main] w.s.c.ServletWebServerApplicationContext : Root WebApplicationContext: initialization completed in 1830 ms
2024-09-30T19:37:49.959-06:00  INFO 25052 --- [rental-agreements] [           main] c.g.dozermapper.core.util.RuntimeUtils   : OSGi support is false
2024-09-30T19:37:49.966-06:00  INFO 25052 --- [rental-agreements] [           main] c.g.d.core.DozerBeanMapperBuilder        : Initializing Dozer. Version: 7.0.0, Thread Name: main
2024-09-30T19:37:49.971-06:00  INFO 25052 --- [rental-agreements] [           main] d.c.c.r.LegacyPropertiesSettingsResolver : Trying to find Dozer configuration file: dozer.properties
2024-09-30T19:37:49.972-06:00  INFO 25052 --- [rental-agreements] [           main] d.c.c.r.LegacyPropertiesSettingsResolver : Failed to find dozer.properties via com.github.dozermapper.core.config.resolvers.LegacyPropertiesSettingsResolver.
2024-09-30T19:37:49.978-06:00  INFO 25052 --- [rental-agreements] [           main] c.g.d.core.el.ELExpressionFactory        : jakarta.el is not supported; Failed to resolve ExpressionFactory, com.sun.el.ExpressionFactoryImpl
2024-09-30T19:37:50.644-06:00  INFO 25052 --- [rental-agreements] [           main] o.s.b.a.e.web.EndpointLinksResolver      : Exposing 1 endpoint beneath base path '/actuator'
2024-09-30T19:37:50.761-06:00  INFO 25052 --- [rental-agreements] [           main] o.s.b.w.embedded.tomcat.TomcatWebServer  : Tomcat started on port 8080 (http) with context path '/'
2024-09-30T19:37:50.780-06:00  INFO 25052 --- [rental-agreements] [           main] com.assessment.FunctionalTests           : Started FunctionalTests in 3.399 seconds (process running for 5.322)
2024-09-30T19:37:50.901-06:00 DEBUG 25052 --- [rental-agreements] [           main] c.a.RentalAgreementsApplication          : message from application.properties null
2024-09-30T19:37:52.179-06:00  INFO 25052 --- [rental-agreements] [nio-8080-exec-1] o.a.c.c.C.[Tomcat].[localhost].[/]       : Initializing Spring DispatcherServlet 'dispatcherServlet'
2024-09-30T19:37:52.179-06:00  INFO 25052 --- [rental-agreements] [nio-8080-exec-1] o.s.web.servlet.DispatcherServlet        : Initializing Servlet 'dispatcherServlet'
2024-09-30T19:37:52.181-06:00  INFO 25052 --- [rental-agreements] [nio-8080-exec-1] o.s.web.servlet.DispatcherServlet        : Completed initialization in 2 ms
2024-09-30T19:37:52.263-06:00  INFO 25052 --- [rental-agreements] [nio-8080-exec-1] c.a.services.RentalAgreementsService     : Received request for checkout tool code: JAKD
2024-09-30T19:37:52.263-06:00 DEBUG 25052 --- [rental-agreements] [nio-8080-exec-1] c.a.services.RentalAgreementsService     : Checkout request: Checkout{toolCode='JAKD', rentalDays=90, discountPercent=10, checkoutDate=2024-07-03}
]]></system-out>
    <system-err><![CDATA[WARNING: A Java agent has been loaded dynamically (C:\Users\Jeff\.m2\repository\net\bytebuddy\byte-buddy-agent\1.14.12\byte-buddy-agent-1.14.12.jar)
WARNING: If a serviceability tool is in use, please run with -XX:+EnableDynamicAgentLoading to hide this warning
WARNING: If a serviceability tool is not in use, please run with -Djdk.instrument.traceUsage for more information
WARNING: Dynamic loading of agents will be disallowed by default in a future release
]]></system-err>
  </testcase>
  <testcase name="getRentalAgreementForChainsaw" classname="com.assessment.FunctionalTests" time="0.025">
    <system-out><![CDATA[2024-09-30T19:37:52.414-06:00  INFO 25052 --- [rental-agreements] [nio-8080-exec-2] c.a.services.RentalAgreementsService     : Received request for checkout tool code: CHNS
2024-09-30T19:37:52.414-06:00 DEBUG 25052 --- [rental-agreements] [nio-8080-exec-2] c.a.services.RentalAgreementsService     : Checkout request: Checkout{toolCode='CHNS', rentalDays=4, discountPercent=25, checkoutDate=2024-09-28}
]]></system-out>
  </testcase>
  <testcase name="checkoutMissingRequiredField" classname="com.assessment.FunctionalTests" time="0.035">
    <system-out><![CDATA[2024-09-30T19:37:52.447-06:00  INFO 25052 --- [rental-agreements] [nio-8080-exec-3] c.a.services.RentalAgreementsService     : Received request for checkout tool code: 
2024-09-30T19:37:52.448-06:00 DEBUG 25052 --- [rental-agreements] [nio-8080-exec-3] c.a.services.RentalAgreementsService     : Checkout request: Checkout{toolCode='', rentalDays=0, discountPercent=4, checkoutDate=2024-07-03}
]]></system-out>
  </testcase>
  <testcase name="noToolCodeFound" classname="com.assessment.FunctionalTests" time="0.037">
    <system-out><![CDATA[2024-09-30T19:37:52.497-06:00  INFO 25052 --- [rental-agreements] [nio-8080-exec-4] c.a.services.RentalAgreementsService     : Received request for checkout tool code: JA
2024-09-30T19:37:52.497-06:00 DEBUG 25052 --- [rental-agreements] [nio-8080-exec-4] c.a.services.RentalAgreementsService     : Checkout request: Checkout{toolCode='JA', rentalDays=5, discountPercent=4, checkoutDate=2024-07-03}
]]></system-out>
  </testcase>
  <testcase name="checkoutErrorInvaliRentalLength" classname="com.assessment.FunctionalTests" time="0.017">
    <system-out><![CDATA[2024-09-30T19:37:52.519-06:00  INFO 25052 --- [rental-agreements] [nio-8080-exec-5] c.a.services.RentalAgreementsService     : Received request for checkout tool code: JAKD
2024-09-30T19:37:52.519-06:00 DEBUG 25052 --- [rental-agreements] [nio-8080-exec-5] c.a.services.RentalAgreementsService     : Checkout request: Checkout{toolCode='JAKD', rentalDays=0, discountPercent=4, checkoutDate=2024-07-03}
]]></system-out>
  </testcase>
  <testcase name="checkoutErrorBadDateFormat" classname="com.assessment.FunctionalTests" time="0.018"/>
  <testcase name="missingRequestBody" classname="com.assessment.FunctionalTests" time="0.009"/>
  <testcase name="checkoutErrorInvalidDiscount" classname="com.assessment.FunctionalTests" time="0.011">
    <system-out><![CDATA[2024-09-30T19:37:52.570-06:00  INFO 25052 --- [rental-agreements] [nio-8080-exec-8] c.a.services.RentalAgreementsService     : Received request for checkout tool code: JAKD
2024-09-30T19:37:52.570-06:00 DEBUG 25052 --- [rental-agreements] [nio-8080-exec-8] c.a.services.RentalAgreementsService     : Checkout request: Checkout{toolCode='JAKD', rentalDays=90, discountPercent=101, checkoutDate=2024-07-03}
]]></system-out>
  </testcase>
</testsuite>